19-03-21 18:47:47 : Connection Closed Gracefully.
19-03-21 19:43:53 : Connection Closed Gracefully.
19-03-22 11:54:59 : Message is missing recipient's address
19-03-22 18:06:28 : Message is missing recipient's address
19-03-24 21:43:56 : Connection Closed Gracefully.
19-03-26 21:28:09 : Connection Closed Gracefully.
19-03-26 22:15:57 : Connection Closed Gracefully.
19-06-19 14:05:09 : Socket Error # 11001<EOL>Host not found.
19-06-25 21:03:32 : Username and Password not accepted. Learn more at<EOL> https://support.google.com/mail/?p=BadCredentials l12sm31868313wrb.81 - gsmtp<EOL>
19-06-25 21:05:43 : Username and Password not accepted. Learn more at<EOL> https://support.google.com/mail/?p=BadCredentials c65sm96430wma.44 - gsmtp<EOL>
19-06-25 21:14:17 : Username and Password not accepted. Learn more at<EOL> https://support.google.com/mail/?p=BadCredentials z76sm177586wmc.16 - gsmtp<EOL>
19-07-10 11:52:46 : Socket Error # 11001<EOL>Host not found.
19-07-10 11:52:46 : Socket Error # 11001<EOL>Host not found.
19-07-10 11:54:38 : Socket Error # 11001<EOL>Host not found.
19-07-10 11:54:43 : Socket Error # 11001<EOL>Host not found.
19-08-08 13:09:58 : Message is missing recipient's address
19-08-09 17:12:24 : Message is missing recipient's address
19-08-10 13:17:22 : Username and Password not accepted. Learn more at<EOL> https://support.google.com/mail/?p=BadCredentials v5sm158750700wre.50 - gsmtp<EOL>
19-08-10 13:20:13 : Username and Password not accepted. Learn more at<EOL> https://support.google.com/mail/?p=BadCredentials b186sm8576813wmb.3 - gsmtp<EOL>
19-08-10 17:16:21 : Connection Closed Gracefully.
19-08-10 17:19:25 : Username and Password not accepted. Learn more at<EOL> https://support.google.com/mail/?p=BadCredentials a64sm13658328wmf.1 - gsmtp<EOL>
19-08-10 17:21:58 : Username and Password not accepted. Learn more at<EOL> https://support.google.com/mail/?p=BadCredentials d10sm127857369wro.18 - gsmtp<EOL>
19-08-10 17:34:47 : Username and Password not accepted. Learn more at<EOL> https://support.google.com/mail/?p=BadCredentials b2sm4282307wrf.94 - gsmtp<EOL>
19-08-14 10:19:26 : Username and Password not accepted. Learn more at<EOL> https://support.google.com/mail/?p=BadCredentials i66sm6757998wmi.11 - gsmtp<EOL>
19-08-14 12:00:22 : Socket Error # 10054<EOL>Connection reset by peer.
